#
# There is insufficient memory for the Java Runtime Environment to continue.
# Native memory allocation (mmap) failed to map 134217728 bytes for G1 virtual space
# Possible reasons:
#   The system is out of physical RAM or swap space
#   The process is running with CompressedOops enabled, and the Java Heap may be blocking the growth of the native heap
# Possible solutions:
#   Reduce memory load on the system
#   Increase physical memory or swap space
#   Check if swap backing store is full
#   Decrease Java heap size (-Xmx/-Xms)
#   Decrease number of Java threads
#   Decrease Java thread stack sizes (-Xss)
#   Set larger code cache with -XX:ReservedCodeCacheSize=
#   JVM is running with Unscaled Compressed Oops mode in which the Java heap is
#     placed in the first 4GB address space. The Java Heap base address is the
#     maximum limit for the native heap growth. Please use -XX:HeapBaseMinAddress
#     to set the Java Heap base and to place the Java Heap above 4GB virtual address.
# This output file may be truncated or incomplete.
#
#  Out of Memory Error (./open/src/hotspot/os/windows/os_windows.cpp:3321), pid=11804, tid=5500
#
# JRE version:  (15.0.2+7) (build )
# Java VM: OpenJDK 64-Bit Server VM (15.0.2+7-27, mixed mode, sharing, tiered, compressed oops, g1 gc, windows-amd64)
# No core dump will be written. Minidumps are not enabled by default on client versions of Windows
#

---------------  S U M M A R Y ------------

Command Line: -javaagent:D:\JetBrains\IntelliJ IDEA 2020.1\lib\idea_rt.jar=64755:D:\JetBrains\IntelliJ IDEA 2020.1\bin -Dfile.encoding=UTF-8 base.MainTests

Host: Intel(R) Core(TM) i5-8250U CPU @ 1.60GHz, 8 cores, 7G,  Windows 10 , 64 bit Build 19041 (10.0.19041.928)
Time: Sat Jun  5 23:45:15 2021 SE Asia Standard Time elapsed time: 0.013093 seconds (0d 0h 0m 0s)

---------------  T H R E A D  ---------------

Current thread (0x000002902dda0680):  JavaThread "Unknown thread" [_thread_in_vm, id=5500, stack(0x0000009bb2900000,0x0000009bb2a00000)]

Stack: [0x0000009bb2900000,0x0000009bb2a00000]
Native frames: (J=compiled Java code, j=interpreted, Vv=VM code, C=native code)
V  [jvm.dll+0x62ae9a]
V  [jvm.dll+0x7817a9]
V  [jvm.dll+0x782f03]
V  [jvm.dll+0x783563]
V  [jvm.dll+0x216325]
V  [jvm.dll+0x6281d9]
V  [jvm.dll+0x61cf55]
V  [jvm.dll+0x2cffdd]
V  [jvm.dll+0x2cfe42]
V  [jvm.dll+0x2d5e1c]
V  [jvm.dll+0x32590a]
V  [jvm.dll+0x324fd4]
V  [jvm.dll+0x2a6f5a]
V  [jvm.dll+0x2a80f8]
V  [jvm.dll+0x75e241]
V  [jvm.dll+0x3341c4]
V  [jvm.dll+0x73e926]
V  [jvm.dll+0x3b7557]
V  [jvm.dll+0x3b8fe1]
C  [jli.dll+0x52fb]
C  [ucrtbase.dll+0x21bb2]
C  [KERNEL32.DLL+0x17034]
C  [ntdll.dll+0x52651]


---------------  P R O C E S S  ---------------

Threads class SMR info:
_java_thread_list=0x00007ffa8db94ff0, length=0, elements={
}

Java Threads: ( => current thread )

Other Threads:
  0x000002902dde1430 GCTaskThread "GC Thread#0" [stack: 0x0000009bb2a00000,0x0000009bb2b00000] [id=11712]
  0x000002902ddf4230 ConcurrentGCThread "G1 Main Marker" [stack: 0x0000009bb2b00000,0x0000009bb2c00000] [id=692]
  0x000002902ddf54d0 ConcurrentGCThread "G1 Conc#0" [stack: 0x0000009bb2c00000,0x0000009bb2d00000] [id=6744]

[error occurred during error reporting (printing all threads), id 0xc0000005, EXCEPTION_ACCESS_VIOLATION (0xc0000005) at pc=0x00007ffa8d387e27]

VM state: not at safepoint (not fully initialized)

VM Mutex/Monitor currently owned by a thread:  ([mutex/lock_event])
[0x000002902dd9c4e0] Heap_lock - owner thread: 0x000002902dda0680

Heap address: 0x0000000081c00000, size: 2020 MB, Compressed Oops mode: 32-bit
CDS archive(s) mapped at: [0x0000000000000000-0x0000000000000000-0x0000000000000000), size 0, SharedBaseAddress: 0x0000000800000000, ArchiveRelocationMode: 0.
Narrow klass base: 0x0000000000000000, Narrow klass shift: 0, Narrow klass range: 0x0

Heap:
 garbage-first heap   total 131072K, used 0K [0x0000000081c00000, 0x0000000100000000)
  region size 1024K, 0 young (0K), 0 survivors (0K)
 Metaspace       used 0K, capacity 0K, committed 0K, reserved 0K
  class space    used 0K, capacity 0K, committed 0K, reserved 0K

Heap Regions: E=young(eden), S=young(survivor), O=old, HS=humongous(starts), HC=humongous(continues), CS=collection set, F=free, OA=open archive, CA=closed archive, TAMS=top-at-mark-start (previous, next)

Card table byte_map: [0x0000029045710000,0x0000029045b10000] _byte_map_base: 0x0000029045302000

Marking Bits (Prev, Next): (CMBitMap*) 0x000002902dde2bc0, (CMBitMap*) 0x000002902dde2c00
 Prev Bits: [0x0000029045f10000, 0x0000029047ea0000)
 Next Bits: [0x0000029047ea0000, 0x0000029049e30000)

GC Heap History (0 events):
No events

Deoptimization events (0 events):
No events

Classes unloaded (0 events):
No events

Classes redefined (0 events):
No events

Internal exceptions (0 events):
No events

Events (1 events):
Event: 0.008 Loaded shared library E:\download\app\jdk-15.0.2\bin\java.dll


Dynamic libraries:
0x00007ff64c3f0000 - 0x00007ff64c3fd000 	E:\download\app\jdk-15.0.2\bin\java.exe
0x00007ffac4530000 - 0x00007ffac4725000 	C:\WINDOWS\SYSTEM32\ntdll.dll
0x00007ffac38e0000 - 0x00007ffac399d000 	C:\WINDOWS\System32\KERNEL32.DLL
0x00007ffac2220000 - 0x00007ffac24e8000 	C:\WINDOWS\System32\KERNELBASE.dll
0x00007ffac1e00000 - 0x00007ffac1f00000 	C:\WINDOWS\System32\ucrtbase.dll
0x00007ffabd170000 - 0x00007ffabd189000 	E:\download\app\jdk-15.0.2\bin\VCRUNTIME140.dll
0x00007ffabd150000 - 0x00007ffabd168000 	E:\download\app\jdk-15.0.2\bin\jli.dll
0x00007ffac42a0000 - 0x00007ffac4440000 	C:\WINDOWS\System32\USER32.dll
0x00007ffaaee40000 - 0x00007ffaaf0da000 	C:\WINDOWS\WinSxS\amd64_microsoft.windows.common-controls_6595b64144ccf1df_6.0.19041.844_none_ca00b6081b84eb1d\COMCTL32.dll
0x00007ffac1f80000 - 0x00007ffac1fa2000 	C:\WINDOWS\System32\win32u.dll
0x00007ffac2f10000 - 0x00007ffac2fae000 	C:\WINDOWS\System32\msvcrt.dll
0x00007ffac2680000 - 0x00007ffac26aa000 	C:\WINDOWS\System32\GDI32.dll
0x00007ffac1fb0000 - 0x00007ffac20bb000 	C:\WINDOWS\System32\gdi32full.dll
0x00007ffac24f0000 - 0x00007ffac258d000 	C:\WINDOWS\System32\msvcp_win.dll
0x00007ffac3060000 - 0x00007ffac3090000 	C:\WINDOWS\System32\IMM32.DLL
0x00007ffabd260000 - 0x00007ffabd26c000 	E:\download\app\jdk-15.0.2\bin\vcruntime140_1.dll
0x00007ffa90360000 - 0x00007ffa903f1000 	E:\download\app\jdk-15.0.2\bin\msvcp140.dll
0x00007ffa8d0d0000 - 0x00007ffa8dc2e000 	E:\download\app\jdk-15.0.2\bin\server\jvm.dll
0x00007ffac2e00000 - 0x00007ffac2eac000 	C:\WINDOWS\System32\ADVAPI32.dll
0x00007ffac3650000 - 0x00007ffac36eb000 	C:\WINDOWS\System32\sechost.dll
0x00007ffac34c0000 - 0x00007ffac35eb000 	C:\WINDOWS\System32\RPCRT4.dll
0x00007ffac3850000 - 0x00007ffac3858000 	C:\WINDOWS\System32\PSAPI.DLL
0x00007ffaad170000 - 0x00007ffaad179000 	C:\WINDOWS\SYSTEM32\WSOCK32.dll
0x00007ffab32f0000 - 0x00007ffab32fa000 	C:\WINDOWS\SYSTEM32\VERSION.dll
0x00007ffaacf00000 - 0x00007ffaacf27000 	C:\WINDOWS\SYSTEM32\WINMM.dll
0x00007ffac37e0000 - 0x00007ffac384b000 	C:\WINDOWS\System32\WS2_32.dll
0x00007ffabfda0000 - 0x00007ffabfdb2000 	C:\WINDOWS\SYSTEM32\kernel.appcore.dll
0x00007ffabd140000 - 0x00007ffabd14a000 	E:\download\app\jdk-15.0.2\bin\jimage.dll
0x00007ffabf500000 - 0x00007ffabf6e4000 	C:\WINDOWS\SYSTEM32\DBGHELP.DLL
0x00007ffaa8bb0000 - 0x00007ffaa8bdc000 	C:\WINDOWS\SYSTEM32\dbgcore.DLL
0x00007ffac1f00000 - 0x00007ffac1f80000 	C:\WINDOWS\System32\bcryptPrimitives.dll
0x00007ffabd0e0000 - 0x00007ffabd0ee000 	E:\download\app\jdk-15.0.2\bin\instrument.dll
0x00007ffab34e0000 - 0x00007ffab3505000 	E:\download\app\jdk-15.0.2\bin\java.dll

dbghelp: loaded successfully - version: 4.0.5 - missing functions: none
symbol engine: initialized successfully - sym options: 0x614 - pdb path: .;E:\download\app\jdk-15.0.2\bin;C:\WINDOWS\SYSTEM32;C:\WINDOWS\WinSxS\amd64_microsoft.windows.common-controls_6595b64144ccf1df_6.0.19041.844_none_ca00b6081b84eb1d;E:\download\app\jdk-15.0.2\bin\server

VM Arguments:
jvm_args: -javaagent:D:\JetBrains\IntelliJ IDEA 2020.1\lib\idea_rt.jar=64755:D:\JetBrains\IntelliJ IDEA 2020.1\bin -Dfile.encoding=UTF-8 
java_command: base.MainTests
java_class_path (initial): E:\download\app\KiemThuCuoiKi\target\test-classes;E:\download\app\KiemThuCuoiKi\target\classes;C:\Users\dat29\.m2\repository\org\junit\jupiter\junit-jupiter\5.7.0\junit-jupiter-5.7.0.jar;C:\Users\dat29\.m2\repository\org\junit\jupiter\junit-jupiter-api\5.7.0\junit-jupiter-api-5.7.0.jar;C:\Users\dat29\.m2\repository\org\apiguardian\apiguardian-api\1.1.0\apiguardian-api-1.1.0.jar;C:\Users\dat29\.m2\repository\org\opentest4j\opentest4j\1.2.0\opentest4j-1.2.0.jar;C:\Users\dat29\.m2\repository\org\junit\platform\junit-platform-commons\1.7.0\junit-platform-commons-1.7.0.jar;C:\Users\dat29\.m2\repository\org\junit\jupiter\junit-jupiter-params\5.7.0\junit-jupiter-params-5.7.0.jar;C:\Users\dat29\.m2\repository\org\junit\jupiter\junit-jupiter-engine\5.7.0\junit-jupiter-engine-5.7.0.jar;C:\Users\dat29\.m2\repository\org\junit\platform\junit-platform-engine\1.7.0\junit-platform-engine-1.7.0.jar;C:\Users\dat29\.m2\repository\org\seleniumhq\selenium\selenium-api\3.141.59\selenium-api-3.141.59.jar;E:\download\app\KiemThuCuoiKi\lib\selenium-java-3.141.59\client-combined-3.141.59.jar;E:\download\app\KiemThuCuoiKi\lib\selenium-java-3.141.59\libs\byte-buddy-1.8.15.jar;E:\download\app\KiemThuCuoiKi\lib\selenium-java-3.141.59\libs\commons-exec-1.3.jar;E:\download\app\KiemThuCuoiKi\lib\selenium-java-3.141.59\libs\guava-25.0-jre.jar;E:\download\app\KiemThuCuoiKi\lib\selenium-java-3.141.59\libs\okio-1.14.0.jar;E:\download\app\KiemThuCuoiKi\lib\selenium-java-3.141.59\libs\okhttp-3.11.0.jar
Launcher Type: SUN_STANDARD

[Global flags]
     intx CICompilerCount                          = 4                                         {product} {ergonomic}
     uint ConcGCThreads                            = 2                                         {product} {ergonomic}
     uint G1ConcRefinementThreads                  = 8                                         {product} {ergonomic}
   size_t G1HeapRegionSize                         = 1048576                                   {product} {ergonomic}
    uintx GCDrainStackTargetSize                   = 64                                        {product} {ergonomic}
   size_t InitialHeapSize                          = 134217728                                 {product} {ergonomic}
   size_t MarkStackSize                            = 4194304                                   {product} {ergonomic}
   size_t MaxHeapSize                              = 2118123520                                {product} {ergonomic}
   size_t MinHeapDeltaBytes                        = 1048576                                   {product} {ergonomic}
   size_t MinHeapSize                              = 8388608                                   {product} {ergonomic}
    uintx NonNMethodCodeHeapSize                   = 5839372                                {pd product} {ergonomic}
    uintx NonProfiledCodeHeapSize                  = 122909434                              {pd product} {ergonomic}
    uintx ProfiledCodeHeapSize                     = 122909434                              {pd product} {ergonomic}
    uintx ReservedCodeCacheSize                    = 251658240                              {pd product} {ergonomic}
     bool SegmentedCodeCache                       = true                                      {product} {ergonomic}
   size_t SoftMaxHeapSize                          = 2118123520                             {manageable} {ergonomic}
     bool UseCompressedClassPointers               = true                                 {lp64_product} {ergonomic}
     bool UseCompressedOops                        = true                                 {lp64_product} {ergonomic}
     bool UseG1GC                                  = true                                      {product} {ergonomic}
     bool UseLargePagesIndividualAllocation        = false                                  {pd product} {ergonomic}

Logging:
Log output configuration:
 #0: stdout all=warning uptime,level,tags
 #1: stderr all=off uptime,level,tags

Environment Variables:
PATH=D:\Python\Python38\Scripts\;D:\Python\Python38\;C:\WINDOWS\system32;C:\WINDOWS;C:\WINDOWS\System32\Wbem;C:\WINDOWS\System32\WindowsPowerShell\v1.0\;C:\WINDOWS\System32\OpenSSH\;C:\Program Files\Java\jdk-14.0.1\bin;D:\Git\Git\cmd;D:\nodejs\;C:\Users\dat29\AppData\Local\Programs\Python\Python36\Scripts\;C:\Users\dat29\AppData\Local\Programs\Python\Python36\;D:\Python\Scripts\;D:\Python\;D:\Anaconda3;D:\Anaconda3\Library\mingw-w64\bin;D:\Anaconda3\Library\usr\bin;D:\Anaconda3\Library\bin;D:\Anaconda3\Scripts;C:\Users\dat29\AppData\Local\Microsoft\WindowsApps;D:\xampp\php;D:\composer;C:\Users\dat29\AppData\Roaming\Composer\vendor\bin;D:\JetBrains\IntelliJ IDEA 2020.1\bin;;C:\Users\dat29\AppData\Roaming\npm;D:\Microsoft VS Code\Microsoft VS Code\bin;
USERNAME=dat29
OS=Windows_NT
PROCESSOR_IDENTIFIER=Intel64 Family 6 Model 142 Stepping 10, GenuineIntel



---------------  S Y S T E M  ---------------

OS:
 Windows 10 , 64 bit Build 19041 (10.0.19041.928)
OS uptime: 0 days 1:43 hours

CPU: total 8 (initial active 8) (4 cores per cpu, 2 threads per core) family 6 model 142 stepping 10 microcode 0xe0, cmov, cx8, fxsr, mmx, sse, sse2, sse3, ssse3, sse4.1, sse4.2, popcnt, vzeroupper, avx, avx2, aes, clmul, erms, 3dnowpref, lzcnt, ht, tsc, tscinvbit, bmi1, bmi2, adx, fma, clflush, clflushopt

Memory: 4k page, system-wide physical 8072M (729M free)
TotalPageFile size 8072M (AvailPageFile size 100M)
current process WorkingSet (physical memory assigned to process): 10M, peak: 10M
current process commit charge ("private bytes"): 60M, peak: 188M

vm_info: OpenJDK 64-Bit Server VM (15.0.2+7-27) for windows-amd64 JRE (15.0.2+7-27), built on Dec  7 2020 20:02:38 by "mach5one" with unknown MS VC++:1925

END.
